app/build/intermediates/manifest_merge_blame_file/debug/manifest-merger-blame-debug-report.txt
1<?xml version="1.0" encoding="utf-8"?>
2<manifest xmlns:android="http://schemas.android.com/apk/res/android"
3    package="com.example.mymarket"
4    android:versionCode="1"
5    android:versionName="1.0" >
6
7    <uses-sdk
8        android:minSdkVersion="17"
8-->src\main\AndroidManifest.xml
9        android:targetSdkVersion="28" />
9-->src\main\AndroidManifest.xml
10
11    <uses-permission android:name="android.permission.INTERNET" />
11-->src\main\AndroidManifest.xml:44:5-67
11-->src\main\AndroidManifest.xml:44:22-64
12    <uses-permission android:name="android.permission.WRITE_EXTERNAL_STORAGE" />
12-->src\main\AndroidManifest.xml:46:5-81
12-->src\main\AndroidManifest.xml:46:22-78
13
14    <application
14-->src\main\AndroidManifest.xml:5:5-43:19
15        android:allowBackup="true"
15-->src\main\AndroidManifest.xml:6:9-35
16        android:appComponentFactory="android.support.v4.app.CoreComponentFactory"
16-->[com.android.support:support-compat:28.0.0] AndroidManifest.xml:22:18-91
17        android:debuggable="true"
18        android:icon="@mipmap/ic_launcher"
18-->src\main\AndroidManifest.xml:7:9-43
19        android:label="@string/app_name"
19-->src\main\AndroidManifest.xml:8:9-41
20        android:networkSecurityConfig="@xml/network_security_config"
20-->src\main\AndroidManifest.xml:9:9-69
21        android:roundIcon="@mipmap/ic_launcher_round"
21-->src\main\AndroidManifest.xml:10:9-54
22        android:testOnly="true"
23        android:theme="@style/AppTheme" >
23-->src\main\AndroidManifest.xml:11:9-40
24        <activity android:name="com.example.mymarket.Main.Main.main.SearchActivity" />
24-->src\main\AndroidManifest.xml:12:9-76
24-->src\main\AndroidManifest.xml:12:19-64
25        <activity android:name="com.example.mymarket.shippingCart.ShippingActivity" />
25-->src\main\AndroidManifest.xml:13:9-67
25-->src\main\AndroidManifest.xml:13:19-64
26        <activity android:name="com.example.mymarket.Profile.FavActivity" />
26-->src\main\AndroidManifest.xml:14:9-57
26-->src\main\AndroidManifest.xml:14:19-54
27        <activity android:name="com.example.mymarket.Profile.EditProfileActivity" />
27-->src\main\AndroidManifest.xml:15:9-65
27-->src\main\AndroidManifest.xml:15:19-62
28        <activity android:name="com.example.mymarket.Profile.ProfileActivity" />
28-->src\main\AndroidManifest.xml:16:9-61
28-->src\main\AndroidManifest.xml:16:19-58
29        <activity android:name="com.example.mymarket.Filter.FilterActivity" />
29-->src\main\AndroidManifest.xml:17:9-59
29-->src\main\AndroidManifest.xml:17:19-56
30        <activity android:name="com.example.mymarket.Category.CatActivity" />
30-->src\main\AndroidManifest.xml:18:9-58
30-->src\main\AndroidManifest.xml:18:19-55
31        <activity android:name="com.example.mymarket.Chart.ChartActivity" />
31-->src\main\AndroidManifest.xml:19:9-57
31-->src\main\AndroidManifest.xml:19:19-54
32        <activity android:name="com.example.mymarket.CompareProduct.CompareSearchActivity" />
32-->src\main\AndroidManifest.xml:20:9-74
32-->src\main\AndroidManifest.xml:20:19-71
33        <activity android:name="com.example.mymarket.CompareProduct.CompareActivity" />
33-->src\main\AndroidManifest.xml:21:9-68
33-->src\main\AndroidManifest.xml:21:19-65
34        <activity android:name="com.example.mymarket.Comment.AddComment.WriteCommentActivity" />
34-->src\main\AndroidManifest.xml:22:9-77
34-->src\main\AndroidManifest.xml:22:19-74
35        <activity android:name="com.example.mymarket.Comment.AddComment.AddCommentActivity" />
35-->src\main\AndroidManifest.xml:23:9-75
35-->src\main\AndroidManifest.xml:23:19-72
36        <activity
36-->src\main\AndroidManifest.xml:24:9-26:62
37            android:name="com.example.mymarket.Comment.CommentActivity"
37-->src\main\AndroidManifest.xml:25:13-52
38            android:label="@string/title_activity_comment" />
38-->src\main\AndroidManifest.xml:26:13-59
39        <activity android:name="com.example.mymarket.properties.PropertiesActivity" />
39-->src\main\AndroidManifest.xml:27:9-67
39-->src\main\AndroidManifest.xml:27:19-64
40        <activity android:name="com.example.mymarket.Detail.DetailActivity" />
40-->src\main\AndroidManifest.xml:28:9-59
40-->src\main\AndroidManifest.xml:28:19-56
41        <activity android:name="com.example.mymarket.SignUp.SignupActivity" />
41-->src\main\AndroidManifest.xml:29:9-59
41-->src\main\AndroidManifest.xml:29:19-56
42        <activity
42-->src\main\AndroidManifest.xml:30:9-32:58
43            android:name="com.example.mymarket.Login.LoginActivity"
43-->src\main\AndroidManifest.xml:31:13-48
44            android:windowSoftInputMode="adjustResize" />
44-->src\main\AndroidManifest.xml:32:13-55
45        <activity
45-->src\main\AndroidManifest.xml:33:9-42:20
46            android:name="com.example.mymarket.Main.Main.main.MainActivity"
46-->src\main\AndroidManifest.xml:34:13-56
47            android:label="@string/app_name"
47-->src\main\AndroidManifest.xml:35:13-45
48            android:theme="@style/AppTheme.NoActionBar" >
48-->src\main\AndroidManifest.xml:36:13-56
49            <intent-filter>
49-->src\main\AndroidManifest.xml:37:13-41:29
50                <action android:name="android.intent.action.MAIN" />
50-->src\main\AndroidManifest.xml:38:17-69
50-->src\main\AndroidManifest.xml:38:25-66
51
52                <category android:name="android.intent.category.LAUNCHER" />
52-->src\main\AndroidManifest.xml:40:17-77
52-->src\main\AndroidManifest.xml:40:27-74
53            </intent-filter>
54        </activity>
55
56        <provider
56-->[android.arch.lifecycle:extensions:1.1.1] AndroidManifest.xml:23:9-27:43
57            android:name="android.arch.lifecycle.ProcessLifecycleOwnerInitializer"
57-->[android.arch.lifecycle:extensions:1.1.1] AndroidManifest.xml:24:13-83
58            android:authorities="com.example.mymarket.lifecycle-trojan"
58-->[android.arch.lifecycle:extensions:1.1.1] AndroidManifest.xml:25:13-68
59            android:exported="false"
59-->[android.arch.lifecycle:extensions:1.1.1] AndroidManifest.xml:26:13-37
60            android:multiprocess="true" />
60-->[android.arch.lifecycle:extensions:1.1.1] AndroidManifest.xml:27:13-40
61        <provider
61-->[com.squareup.picasso:picasso:2.71828] AndroidManifest.xml:8:9-11:40
62            android:name="com.squareup.picasso.PicassoProvider"
62-->[com.squareup.picasso:picasso:2.71828] AndroidManifest.xml:9:13-64
63            android:authorities="com.example.mymarket.com.squareup.picasso"
63-->[com.squareup.picasso:picasso:2.71828] AndroidManifest.xml:10:13-72
64            android:exported="false" />
64-->[com.squareup.picasso:picasso:2.71828] AndroidManifest.xml:11:13-37
65    </application>
66
67</manifest>